2015-02-13 13:02:20,107 INFO  [10] smartass - running step RunWolframAlphaQueryStep
2015-02-13 13:02:27,212 INFO  [10] smartass - running step ParseWolframAlphaStep
2015-02-13 13:19:19,212 INFO  [9] smartass - running step RunWolframAlphaQueryStep
2015-02-13 13:19:20,991 INFO  [9] smartass - running step ParseWolframAlphaStep
2015-02-13 17:11:52,525 INFO  [11] smartass - running step RunWolframAlphaQueryAsTextStep
2015-02-13 17:11:53,279 INFO  [10] smartass - running step ParseWolframAlphaStep
2015-02-13 17:11:57,914 INFO  [10] smartass - running step RunWolframAlphaQueryAsTextStep
2015-02-13 17:11:58,316 INFO  [14] smartass - running step ParseWolframAlphaStep
2015-02-13 17:12:15,151 INFO  [10] smartass - running step RunWolframAlphaQueryAsTextStep
2015-02-13 17:13:54,253 INFO  [11] smartass - running step RunWolframAlphaQueryAsTextStep
2015-02-13 17:14:01,359 INFO  [10] smartass - running step ParseWolframAlphaStep
2015-02-13 17:14:01,430 ERROR [10] smartass - exception during processing: 
System.NullReferenceException: Object reference not set to an instance of an object.
   at Smartass.WolframAlpha.Steps.Query.ParseWolframAlphaStep.<ProcessAsync>d__6.MoveNext() in d:\angerico\Documents\Visual Studio 2013\Projects\Prototypes\Smartass\Smartass.WolframAlpha\Steps\Query\ParseWolframAlphaStep.cs:line 34
--- End of stack trace from previous location where exception was thrown ---
   at System.Runtime.CompilerServices.TaskAwaiter.ThrowForNonSuccess(Task task)
   at System.Runtime.CompilerServices.TaskAwaiter.HandleNonSuccessAndDebuggerNotification(Task task)
   at System.Runtime.CompilerServices.TaskAwaiter.GetResult()
   at Smartass.Steps.StepBase.<ProcessAndLogAsync>d__a.MoveNext() in d:\angerico\Documents\Visual Studio 2013\Projects\Prototypes\Smartass\Smartass\Steps\StepBase.cs:line 57
2015-02-13 17:14:01,516 INFO  [12] smartass - running step RunWolframAlphaQueryAsTextStep
2015-02-13 17:14:06,240 INFO  [10] smartass - running step ParseWolframAlphaStep
2015-02-13 17:14:06,299 ERROR [10] smartass - exception during processing: 
System.NullReferenceException: Object reference not set to an instance of an object.
   at Smartass.WolframAlpha.Steps.Query.ParseWolframAlphaStep.<ProcessAsync>d__6.MoveNext() in d:\angerico\Documents\Visual Studio 2013\Projects\Prototypes\Smartass\Smartass.WolframAlpha\Steps\Query\ParseWolframAlphaStep.cs:line 34
--- End of stack trace from previous location where exception was thrown ---
   at System.Runtime.CompilerServices.TaskAwaiter.ThrowForNonSuccess(Task task)
   at System.Runtime.CompilerServices.TaskAwaiter.HandleNonSuccessAndDebuggerNotification(Task task)
   at System.Runtime.CompilerServices.TaskAwaiter.GetResult()
   at Smartass.Steps.StepBase.<ProcessAndLogAsync>d__a.MoveNext() in d:\angerico\Documents\Visual Studio 2013\Projects\Prototypes\Smartass\Smartass\Steps\StepBase.cs:line 57
2015-02-13 17:14:22,690 INFO  [11] smartass - running step RunWolframAlphaQueryAsTextStep
2015-02-13 17:14:54,684 INFO  [10] smartass - running step ParseWolframAlphaStep
2015-02-13 17:14:54,743 ERROR [10] smartass - exception during processing: 
System.NullReferenceException: Object reference not set to an instance of an object.
   at Smartass.WolframAlpha.Steps.Query.ParseWolframAlphaStep.<ProcessAsync>d__6.MoveNext() in d:\angerico\Documents\Visual Studio 2013\Projects\Prototypes\Smartass\Smartass.WolframAlpha\Steps\Query\ParseWolframAlphaStep.cs:line 34
--- End of stack trace from previous location where exception was thrown ---
   at System.Runtime.CompilerServices.TaskAwaiter.ThrowForNonSuccess(Task task)
   at System.Runtime.CompilerServices.TaskAwaiter.HandleNonSuccessAndDebuggerNotification(Task task)
   at System.Runtime.CompilerServices.TaskAwaiter.GetResult()
   at Smartass.Steps.StepBase.<ProcessAndLogAsync>d__a.MoveNext() in d:\angerico\Documents\Visual Studio 2013\Projects\Prototypes\Smartass\Smartass\Steps\StepBase.cs:line 57
2015-02-13 17:15:03,706 INFO  [12] smartass - running step RunWolframAlphaQueryAsTextStep
2015-02-13 17:15:17,434 INFO  [10] smartass - running step ParseWolframAlphaStep
2015-02-13 17:17:43,828 INFO  [10] smartass - running step RunWolframAlphaQueryAsTextStep
2015-02-13 17:17:48,873 INFO  [10] smartass - running step ParseWolframAlphaStep
